********************************************************************************
DUPLICATOR-LITE PACKAGE-LOG: May 6, 2018 10:42 pm
NOTICE: Do NOT post to public sites or forums 
********************************************************************************
VERSION:	1.2.36
WORDPRESS:	4.9.5
PHP INFO:	5.5.24 | SAPI: apache2handler
SERVER:		Apache/2.4.12 (Unix) OpenSSL/1.0.1m PHP/5.5.24 mod_perl/2.0.8-dev Perl/v5.16.3 
PHP TIME LIMIT: (0) no time limit imposed 
PHP MAX MEMORY: 2048M (512M default) 
MEMORY STACK: 48.25MB 

********************************************************************************
DATABASE:
********************************************************************************
BUILD MODE:   PHP(query limit - 100)
MYSQLTIMEOUT: 5000
MYSQLDUMP:    Not Supported 
TABLES: total:13 | filtered:0 | create:13 
FILTERED: [] 
SQL CREATED: 20180506_rcfhl_cdd389943b8528d48810180506224204_database.sql 
SQL FILE SIZE: 1.58MB (1653183) 
SQL FILE TIME: 2018-05-06 22:42:35 
SQL RUNTIME: 0.41 sec. 

******************************************************************************** 
ARCHIVE (ZIP): 
******************************************************************************** 
ARCHIVE DIR:  /Users/scasey/git/rcfhl.localhost 
ARCHIVE FILE: 20180506_rcfhl_cdd389943b8528d48810180506224204_archive.zip 
FILTERS: *OFF* 
DIRS:
	not set 
FILES:
	not set 
EXTS:  not set 
---------------------------------------- 
COMPRESSING 
SIZE:	77.46MB 
STATS:	Dirs 736 | Files 7,666 
SQL ADDED: 20180506_rcfhl_cdd389943b8528d48810180506224204_database.sql 
ZipArchive Object
(
    [status] => 0
    [statusSys] => 0
    [numFiles] => 8402
    [filename] => /Users/scasey/git/rcfhl.localhost/wp-snapshots/tmp/20180506_rcfhl_cdd389943b8528d48810180506224204_archive.zip
    [comment] => 
)
 
COMPRESSION RESULT: '1' 
COMPRESSED SIZE: 45.31MB 
ARCHIVE RUNTIME: 10.80 sec. 
MEMORY STACK: 51.25MB 

******************************************************************************** 
MAKE INSTALLER: 
******************************************************************************** 
Build Start 
Build Finished 
Preping for use 
PACK SIZE:  
Template parsed with new data 
Complete [/Users/scasey/git/rcfhl.localhost/wp-snapshots/tmp/20180506_rcfhl_cdd389943b8528d48810180506224204_installer.php] 
Added to archive 

******************************************************************************** 
INTEGRITY CHECKS: 
******************************************************************************** 
SQL File: 1.58MB 
Installer File: 445.92KB 
Archive File: 45.31MB  

********************************************************************************
RECORD ID:[2]
TOTAL PROCESS RUNTIME: 14.63 sec.
PEAK PHP MEMORY USED: 53.25MB
DONE PROCESSING => 20180506_rcfhl May 6, 2018 10:42 pm
 
