********************************************************************************
DUPLICATOR-LITE PACKAGE-LOG: May 6, 2018 11:06 pm
NOTICE: Do NOT post to public sites or forums 
********************************************************************************
VERSION:	1.2.36
WORDPRESS:	4.9.5
PHP INFO:	5.5.24 | SAPI: apache2handler
SERVER:		Apache/2.4.12 (Unix) OpenSSL/1.0.1m PHP/5.5.24 mod_perl/2.0.8-dev Perl/v5.16.3 
PHP TIME LIMIT: (0) no time limit imposed 
PHP MAX MEMORY: 2048M (512M default) 
MEMORY STACK: 46MB 

********************************************************************************
DATABASE:
********************************************************************************
BUILD MODE:   PHP(query limit - 100)
MYSQLTIMEOUT: 5000
MYSQLDUMP:    Not Supported 
TABLES: total:13 | filtered:0 | create:13 
FILTERED: [] 
SQL CREATED: 20180506_rcfhl_18475991d29b43689277180506230607_database.sql 
SQL FILE SIZE: 153.17KB (156849) 
SQL FILE TIME: 2018-05-06 23:06:17 
SQL RUNTIME: 0.17 sec. 

******************************************************************************** 
ARCHIVE (ZIP): 
******************************************************************************** 
ARCHIVE DIR:  /Users/scasey/git/rcfhl.localhost 
ARCHIVE FILE: 20180506_rcfhl_18475991d29b43689277180506230607_archive.zip 
FILTERS: *OFF* 
DIRS:
	not set 
FILES:
	not set 
EXTS:  not set 
---------------------------------------- 
COMPRESSING 
SIZE:	77.55MB 
STATS:	Dirs 742 | Files 7,700 
SQL ADDED: 20180506_rcfhl_18475991d29b43689277180506230607_database.sql 
ZipArchive Object
(
    [status] => 0
    [statusSys] => 0
    [numFiles] => 8442
    [filename] => /Users/scasey/git/rcfhl.localhost/wp-snapshots/tmp/20180506_rcfhl_18475991d29b43689277180506230607_archive.zip
    [comment] => 
)
 
COMPRESSION RESULT: '1' 
COMPRESSED SIZE: 45.13MB 
ARCHIVE RUNTIME: 10.86 sec. 
MEMORY STACK: 49.25MB 

******************************************************************************** 
MAKE INSTALLER: 
******************************************************************************** 
Build Start 
Build Finished 
Preping for use 
PACK SIZE:  
Template parsed with new data 
Complete [/Users/scasey/git/rcfhl.localhost/wp-snapshots/tmp/20180506_rcfhl_18475991d29b43689277180506230607_installer.php] 
Added to archive 

******************************************************************************** 
INTEGRITY CHECKS: 
******************************************************************************** 
SQL File: 153.17KB 
Installer File: 445.92KB 
Archive File: 45.13MB  

********************************************************************************
RECORD ID:[2]
TOTAL PROCESS RUNTIME: 14.52 sec.
PEAK PHP MEMORY USED: 51.75MB
DONE PROCESSING => 20180506_rcfhl May 6, 2018 11:06 pm
 
